16:17:15.256 INFO - Selenium build info: version: '3.5.3', revision: 'a88d25fe6b'
16:17:15.256 INFO - Launching a standalone Selenium Server
2017-09-04 16:17:15.276:INFO::main: Logging initialized @273ms to org.seleniumhq.jetty9.util.log.StdErrLog
16:17:15.334 INFO - Driver class not found: com.opera.core.systems.OperaDriver
16:17:15.371 INFO - Driver provider class org.openqa.selenium.ie.InternetExplorerDriver registration is skipped:
 registration capabilities Capabilities [{ensureCleanSession=true, browserName=internet explorer, version=, platform=WINDOWS}] does not match the current platform MAC
16:17:15.371 INFO - Driver provider class org.openqa.selenium.edge.EdgeDriver registration is skipped:
 registration capabilities Capabilities [{browserName=MicrosoftEdge, version=, platform=WINDOWS}] does not match the current platform MAC
16:17:15.401 INFO - Using the passthrough mode handler
2017-09-04 16:17:15.432:INFO:osjs.Server:main: jetty-9.4.5.v20170502
2017-09-04 16:17:15.459:WARN:osjs.SecurityHandler:main: ServletContext@o.s.j.s.ServletContextHandler@67b92f0a{/,null,STARTING} has uncovered http methods for path: /
2017-09-04 16:17:15.465:INFO:osjsh.ContextHandler:main: Started o.s.j.s.ServletContextHandler@67b92f0a{/,null,AVAILABLE}
2017-09-04 16:17:15.501:INFO:osjs.AbstractConnector:main: Started ServerConnector@131276c2{HTTP/1.1,[http/1.1]}{0.0.0.0:4444}
2017-09-04 16:17:15.502:INFO:osjs.Server:main: Started @499ms
16:17:15.502 INFO - Selenium Server is up and running
2017-09-04 16:18:13.934:INFO::main: Logging initialized @246ms to org.seleniumhq.jetty9.util.log.StdErrLog
2017-09-04 16:18:14.085:INFO:osjs.Server:main: jetty-9.4.5.v20170502
2017-09-04 16:18:14.110:WARN:osjs.SecurityHandler:main: ServletContext@o.s.j.s.ServletContextHandler@67b92f0a{/,null,STARTING} has uncovered http methods for path: /
2017-09-04 16:18:14.117:INFO:osjsh.ContextHandler:main: Started o.s.j.s.ServletContextHandler@67b92f0a{/,null,AVAILABLE}
2017-09-04 16:18:14.152:INFO:osjs.AbstractConnector:main: Started ServerConnector@131276c2{HTTP/1.1,[http/1.1]}{0.0.0.0:4444}
2017-09-04 16:18:14.153:INFO:osjs.Server:main: Started @464ms
2017-09-04 16:18:25.440:INFO:osjshC.ROOT:qtp608188624-11: org.openqa.selenium.remote.server.WebDriverServlet-47c62251: Initialising WebDriverServlet
Starting ChromeDriver 2.32.498537 (cb2f855cbc7b82e20387eaf9a43f6b99b6105061) on port 13269
Only local connections are allowed.
